<?xml version="1.0" encoding="UTF-8"?>
<testsuite xmlns:xsi="http://www.w3.org/2001/XMLSchema-instance" xsi:noNamespaceSchemaLocation="https://maven.apache.org/surefire/maven-surefire-plugin/xsd/surefire-test-report.xsd" version="3.0.1" name="parallel.ParallelRun" time="35.175" tests="6" errors="0" skipped="0" failures="0">
  <properties>
[...]
</properties>
  <testcase name="runScenario[&quot;User should be able to login with valid cred&quot;, &quot;Login Feature&quot;](1)" classname="parallel.ParallelRun" time="25.958">
    <system-err><![CDATA[SLF4J(W): No SLF4J providers were found.
SLF4J(W): Defaulting to no-operation (NOP) logger implementation
SLF4J(W): See https://www.slf4j.org/codes.html#noProviders for further details.
Sep 10, 2024 7:27:34 PM io.cucumber.testng.TestNGCucumberOptionsProvider warnWhenJUnitCucumberOptionsAreUsed
WARNING: Ignoring options provided by io.cucumber.junit.CucumberOptions on parallel.ParallelRun. It is recommend to use separate runner classes for JUnit and TestNG.
Starting ChromeDriver 128.0.6613.119 (6e439cfca4deda5954b0c74cde9b521c03cb31ad-refs/branch-heads/6613@{#1464}) on port 44769
Only local connections are allowed.
Please see https://chromedriver.chromium.org/security-considerations for suggestions on keeping ChromeDriver safe.
ChromeDriver was started successfully on port 44769.
SSttaarrtitnign gC hCrhomreoDmreiDvreir v1e2r8. 01.2686.10.366.11139. 1(169e4 3(96cef4c3a49dcefdca5a945d4ebd0ac57945c4bd0ec97b45c21dce039cbb53211acd0-3rcebf3s1/abdr-arencfh-s/hbeardasn/c6h6-1h3@e{a#d1s4/6646}1)3 @on {port# 11436544}4) 
oOnn lpyo rlotc a2l7 1co8n9ne
cOtniloyn sl oacrael  aclolnonweecdt.io
nPsl eaarsee  asleleo whetdt.ps
:P/l/ecahsreo mseederi vhetrt.pcsh:r/o/mcihurmo.moerdgr/isveecru.ricthyr-ocmoinusmi.deorragt/isoencsu rfiotry -scuogngseisdteiroantsi oonns  kfeoerp isngu gCghersotmieoDnrsi voenr  kseaefpei.ng
 ChromeDriver safe.
ChromeDriver was started successfully on port 13544.
ChromeDriver was started successfully on port 27189.
Starting ChromeDriver 128.0.6613.119 (6e439cfca4deda5954b0c74cde9b521c03cb31ad-refs/branch-heads/6613@{#1464}) on port 18625
Only local connections are allowed.
Please see https://chromedriver.chromium.org/security-considerations for suggestions on keeping ChromeDriver safe.
Starting ChromeDriver 128.0.6613.119 (6e439cfca4deda5954b0c74cde9b521c03cb31ad-refs/branch-heads/6613@{#1464}) on port 56414
Only local connections are allowed.
Please see https://chromedriver.chromium.org/security-considerations for suggestions on keeping ChromeDriver safe.
ChromeDriver was started successfully on port 56414.
ChromeDriver was started successfully on port 18625.
Starting ChromeDriver 128.0.6613.119 (6e439cfca4deda5954b0c74cde9b521c03cb31ad-refs/branch-heads/6613@{#1464}) on port 39375
Only local connections are allowed.
Please see https://chromedriver.chromium.org/security-considerations for suggestions on keeping ChromeDriver safe.
ChromeDriver was started successfully on port 39375.
[1725976663.546][WARNING]: Timed out connecting to Chrome, retrying...
Sep 10, 2024 7:27:44 PM org.openqa.selenium.remote.ProtocolHandshake createSession
INFO: Detected dialect: W3C
Sep 10, 2024 7:27:44 PM org.openqa.selenium.remote.ProtocolHandshake createSession
INFO: Detected dialect: W3C
Sep 10, 2024 7:27:44 PM org.openqa.selenium.remote.ProtocolHandshake createSession
INFO: Detected dialect: W3C
Sep 10, 2024 7:27:44 PM org.openqa.selenium.remote.ProtocolHandshake createSession
INFO: Detected dialect: W3C
Sep 10, 2024 7:27:44 PM org.openqa.selenium.remote.ProtocolHandshake createSession
INFO: Detected dialect: W3C
Sep 10, 2024 7:27:45 PM org.openqa.selenium.remote.ProtocolHandshake createSession
INFO: Detected dialect: W3C
]]></system-err>
  </testcase>
  <testcase name="runScenario[&quot;User should be able to login with valid cred&quot;, &quot;Login Feature&quot;](2)" classname="parallel.ParallelRun" time="27.264">
    <system-err><![CDATA[Sep 10, 2024 7:28:01 PM org.openqa.selenium.os.OsProcess destroy
SEVERE: Unable to kill process Process[pid=25848, exitValue=1]
]]></system-err>
  </testcase>
  <testcase name="runScenario[&quot;User should be able to login with valid cred&quot;, &quot;Login Feature&quot;](3)" classname="parallel.ParallelRun" time="28.316"/>
  <testcase name="runScenario[&quot;User should be able to login with valid cred&quot;, &quot;Login Feature&quot;](4)" classname="parallel.ParallelRun" time="28.322"/>
  <testcase name="runScenario[&quot;User should be able to login with valid cred&quot;, &quot;Login Feature&quot;](5)" classname="parallel.ParallelRun" time="29.132"/>
  <testcase name="runScenario[&quot;User should be able to login with valid cred&quot;, &quot;Login Feature&quot;](6)" classname="parallel.ParallelRun" time="30.519"/>
</testsuite>